running egg_info
writing ../../build/navslam/navslam.egg-info/PKG-INFO
writing dependency_links to ../../build/navslam/navslam.egg-info/dependency_links.txt
writing entry points to ../../build/navslam/navslam.egg-info/entry_points.txt
writing requirements to ../../build/navslam/navslam.egg-info/requires.txt
writing top-level names to ../../build/navslam/navslam.egg-info/top_level.txt
reading manifest file '../../build/navslam/navslam.egg-info/SOURCES.txt'
writing manifest file '../../build/navslam/navslam.egg-info/SOURCES.txt'
running build
running build_py
running install
running install_lib
running install_data
copying config/d456_params.yaml -> /home/batoddy/orn_ws/install/navslam/share/navslam/config
running install_egg_info
removing '/home/batoddy/orn_ws/install/navslam/lib/python3.10/site-packages/navslam-0.0.1-py3.10.egg-info' (and everything under it)
Copying ../../build/navslam/navslam.egg-info to /home/batoddy/orn_ws/install/navslam/lib/python3.10/site-packages/navslam-0.0.1-py3.10.egg-info
running install_scripts
Installing encoder_odom_bridge script to /home/batoddy/orn_ws/install/navslam/lib/navslam
writing list of installed files to '/home/batoddy/orn_ws/build/navslam/install.log'
