[1.096s] Invoking command in '/home/batoddy/orn_ws/src/navslam': PYTHONPATH=/home/batoddy/orn_ws/build/navslam/prefix_override:/usr/lib/python3/dist-packages/colcon_core/task/python/colcon_distutils_commands:/home/batoddy/orn_ws/install/navslam/lib/python3.10/site-packages:${PYTHONPATH} /usr/bin/python3 -W ignore:setup.py install is deprecated -W ignore:easy_install command is deprecated setup.py egg_info --egg-base ../../build/navslam build --build-base /home/batoddy/orn_ws/build/navslam/build install --record /home/batoddy/orn_ws/build/navslam/install.log --single-version-externally-managed install_data
[1.525s] running egg_info
[1.526s] writing ../../build/navslam/navslam.egg-info/PKG-INFO
[1.526s] writing dependency_links to ../../build/navslam/navslam.egg-info/dependency_links.txt
[1.526s] writing entry points to ../../build/navslam/navslam.egg-info/entry_points.txt
[1.526s] writing requirements to ../../build/navslam/navslam.egg-info/requires.txt
[1.526s] writing top-level names to ../../build/navslam/navslam.egg-info/top_level.txt
[1.527s] reading manifest file '../../build/navslam/navslam.egg-info/SOURCES.txt'
[1.529s] writing manifest file '../../build/navslam/navslam.egg-info/SOURCES.txt'
[1.529s] running build
[1.529s] running build_py
[1.529s] running install
[1.530s] running install_lib
[1.531s] running install_data
[1.533s] copying config/d456_params.yaml -> /home/batoddy/orn_ws/install/navslam/share/navslam/config
[1.533s] running install_egg_info
[1.535s] removing '/home/batoddy/orn_ws/install/navslam/lib/python3.10/site-packages/navslam-0.0.1-py3.10.egg-info' (and everything under it)
[1.537s] Copying ../../build/navslam/navslam.egg-info to /home/batoddy/orn_ws/install/navslam/lib/python3.10/site-packages/navslam-0.0.1-py3.10.egg-info
[1.538s] running install_scripts
[1.570s] Installing encoder_odom_bridge script to /home/batoddy/orn_ws/install/navslam/lib/navslam
[1.570s] writing list of installed files to '/home/batoddy/orn_ws/build/navslam/install.log'
[1.618s] Invoked command in '/home/batoddy/orn_ws/src/navslam' returned '0': PYTHONPATH=/home/batoddy/orn_ws/build/navslam/prefix_override:/usr/lib/python3/dist-packages/colcon_core/task/python/colcon_distutils_commands:/home/batoddy/orn_ws/install/navslam/lib/python3.10/site-packages:${PYTHONPATH} /usr/bin/python3 -W ignore:setup.py install is deprecated -W ignore:easy_install command is deprecated setup.py egg_info --egg-base ../../build/navslam build --build-base /home/batoddy/orn_ws/build/navslam/build install --record /home/batoddy/orn_ws/build/navslam/install.log --single-version-externally-managed install_data
