/home/batoddy/orn_ws/install/navslam/lib/python3.10/site-packages/navslam/motor_controller_esp32.py
/home/batoddy/orn_ws/install/navslam/lib/python3.10/site-packages/navslam/__init__.py
/home/batoddy/orn_ws/install/navslam/lib/python3.10/site-packages/navslam/encoder_esp32_bridge.py
/home/batoddy/orn_ws/install/navslam/lib/python3.10/site-packages/navslam/__pycache__/motor_controller_esp32.cpython-310.pyc
/home/batoddy/orn_ws/install/navslam/lib/python3.10/site-packages/navslam/__pycache__/__init__.cpython-310.pyc
/home/batoddy/orn_ws/install/navslam/lib/python3.10/site-packages/navslam/__pycache__/encoder_esp32_bridge.cpython-310.pyc
/home/batoddy/orn_ws/install/navslam/share/ament_index/resource_index/packages/navslam
/home/batoddy/orn_ws/install/navslam/share/navslam/package.xml
/home/batoddy/orn_ws/install/navslam/share/navslam/launch/rgbd_odom.launch.py
/home/batoddy/orn_ws/install/navslam/share/navslam/launch/motor_controller_esp32.launch.py
/home/batoddy/orn_ws/install/navslam/share/navslam/launch/ekf_dual.launch.py
/home/batoddy/orn_ws/install/navslam/share/navslam/launch/nav2_navigation.launch.py
/home/batoddy/orn_ws/install/navslam/share/navslam/launch/bring_up.launch.py
/home/batoddy/orn_ws/install/navslam/share/navslam/launch/ekf_fusion.launch.py
/home/batoddy/orn_ws/install/navslam/share/navslam/launch/d456_launch.launch.py
/home/batoddy/orn_ws/install/navslam/share/navslam/launch/pixhawk_mavros.launch.py
/home/batoddy/orn_ws/install/navslam/share/navslam/launch/rtabmap_slam.launch.py
/home/batoddy/orn_ws/install/navslam/share/navslam/launch/encoder_odom_bridge.launch.py
/home/batoddy/orn_ws/install/navslam/share/navslam/config/rtabmap_slam.yaml
/home/batoddy/orn_ws/install/navslam/share/navslam/config/nav2_params.yaml
/home/batoddy/orn_ws/install/navslam/share/navslam/config/ekf_global.yaml
/home/batoddy/orn_ws/install/navslam/share/navslam/config/ekf.yaml
/home/batoddy/orn_ws/install/navslam/share/navslam/config/camera_remaps.yaml
/home/batoddy/orn_ws/install/navslam/share/navslam/config/ekf_local.yaml
/home/batoddy/orn_ws/install/navslam/share/navslam/config/imu_madwick.yaml
/home/batoddy/orn_ws/install/navslam/share/navslam/config/d456_params.yaml
/home/batoddy/orn_ws/install/navslam/lib/python3.10/site-packages/navslam-0.0.1-py3.10.egg-info/zip-safe
/home/batoddy/orn_ws/install/navslam/lib/python3.10/site-packages/navslam-0.0.1-py3.10.egg-info/dependency_links.txt
/home/batoddy/orn_ws/install/navslam/lib/python3.10/site-packages/navslam-0.0.1-py3.10.egg-info/top_level.txt
/home/batoddy/orn_ws/install/navslam/lib/python3.10/site-packages/navslam-0.0.1-py3.10.egg-info/SOURCES.txt
/home/batoddy/orn_ws/install/navslam/lib/python3.10/site-packages/navslam-0.0.1-py3.10.egg-info/requires.txt
/home/batoddy/orn_ws/install/navslam/lib/python3.10/site-packages/navslam-0.0.1-py3.10.egg-info/PKG-INFO
/home/batoddy/orn_ws/install/navslam/lib/python3.10/site-packages/navslam-0.0.1-py3.10.egg-info/entry_points.txt
/home/batoddy/orn_ws/install/navslam/lib/navslam/encoder_odom_bridge
/home/batoddy/orn_ws/install/navslam/lib/navslam/motor_controller_esp32
