[0.457s] Invoking command in '/home/batoddy/orn_ws/src/navslam': PYTHONPATH=/home/batoddy/orn_ws/build/navslam/prefix_override:/usr/lib/python3/dist-packages/colcon_core/task/python/colcon_distutils_commands:/home/batoddy/orn_ws/install/navslam/lib/python3.10/site-packages:${PYTHONPATH} /usr/bin/python3 -W ignore:setup.py install is deprecated -W ignore:easy_install command is deprecated setup.py egg_info --egg-base ../../build/navslam build --build-base /home/batoddy/orn_ws/build/navslam/build install --record /home/batoddy/orn_ws/build/navslam/install.log --single-version-externally-managed install_data
[0.635s] running egg_info
[0.635s] writing ../../build/navslam/navslam.egg-info/PKG-INFO
[0.635s] writing dependency_links to ../../build/navslam/navslam.egg-info/dependency_links.txt
[0.636s] writing entry points to ../../build/navslam/navslam.egg-info/entry_points.txt
[0.636s] writing requirements to ../../build/navslam/navslam.egg-info/requires.txt
[0.636s] writing top-level names to ../../build/navslam/navslam.egg-info/top_level.txt
[0.637s] reading manifest file '../../build/navslam/navslam.egg-info/SOURCES.txt'
[0.638s] writing manifest file '../../build/navslam/navslam.egg-info/SOURCES.txt'
[0.638s] running build
[0.638s] running build_py
[0.638s] running install
[0.638s] running install_lib
[0.639s] running install_data
[0.639s] copying launch/pixhawk_mavros.launch.py -> /home/batoddy/orn_ws/install/navslam/share/navslam/launch
[0.640s] running install_egg_info
[0.641s] removing '/home/batoddy/orn_ws/install/navslam/lib/python3.10/site-packages/navslam-0.0.1-py3.10.egg-info' (and everything under it)
[0.641s] Copying ../../build/navslam/navslam.egg-info to /home/batoddy/orn_ws/install/navslam/lib/python3.10/site-packages/navslam-0.0.1-py3.10.egg-info
[0.642s] running install_scripts
[0.657s] Installing encoder_odom_bridge script to /home/batoddy/orn_ws/install/navslam/lib/navslam
[0.657s] Installing motor_controller_esp32 script to /home/batoddy/orn_ws/install/navslam/lib/navslam
[0.657s] writing list of installed files to '/home/batoddy/orn_ws/build/navslam/install.log'
[0.677s] Invoked command in '/home/batoddy/orn_ws/src/navslam' returned '0': PYTHONPATH=/home/batoddy/orn_ws/build/navslam/prefix_override:/usr/lib/python3/dist-packages/colcon_core/task/python/colcon_distutils_commands:/home/batoddy/orn_ws/install/navslam/lib/python3.10/site-packages:${PYTHONPATH} /usr/bin/python3 -W ignore:setup.py install is deprecated -W ignore:easy_install command is deprecated setup.py egg_info --egg-base ../../build/navslam build --build-base /home/batoddy/orn_ws/build/navslam/build install --record /home/batoddy/orn_ws/build/navslam/install.log --single-version-externally-managed install_data
