[0.832s] Invoking command in '/home/batoddy/orn_ws/src/navslam': PYTHONPATH=/home/batoddy/orn_ws/build/navslam/prefix_override:/usr/lib/python3/dist-packages/colcon_core/task/python/colcon_distutils_commands:/home/batoddy/orn_ws/install/navslam/lib/python3.10/site-packages:${PYTHONPATH} /usr/bin/python3 -W ignore:setup.py install is deprecated -W ignore:easy_install command is deprecated setup.py egg_info --egg-base ../../build/navslam build --build-base /home/batoddy/orn_ws/build/navslam/build install --record /home/batoddy/orn_ws/build/navslam/install.log --single-version-externally-managed install_data
[1.151s] running egg_info
[1.151s] writing ../../build/navslam/navslam.egg-info/PKG-INFO
[1.152s] writing dependency_links to ../../build/navslam/navslam.egg-info/dependency_links.txt
[1.152s] writing entry points to ../../build/navslam/navslam.egg-info/entry_points.txt
[1.152s] writing requirements to ../../build/navslam/navslam.egg-info/requires.txt
[1.152s] writing top-level names to ../../build/navslam/navslam.egg-info/top_level.txt
[1.154s] reading manifest file '../../build/navslam/navslam.egg-info/SOURCES.txt'
[1.155s] writing manifest file '../../build/navslam/navslam.egg-info/SOURCES.txt'
[1.156s] running build
[1.156s] running build_py
[1.156s] running install
[1.156s] running install_lib
[1.158s] running install_data
[1.158s] running install_egg_info
[1.162s] removing '/home/batoddy/orn_ws/install/navslam/lib/python3.10/site-packages/navslam-0.0.1-py3.10.egg-info' (and everything under it)
[1.162s] Copying ../../build/navslam/navslam.egg-info to /home/batoddy/orn_ws/install/navslam/lib/python3.10/site-packages/navslam-0.0.1-py3.10.egg-info
[1.163s] running install_scripts
[1.191s] Installing encoder_odom_bridge script to /home/batoddy/orn_ws/install/navslam/lib/navslam
[1.191s] writing list of installed files to '/home/batoddy/orn_ws/build/navslam/install.log'
[1.224s] Invoked command in '/home/batoddy/orn_ws/src/navslam' returned '0': PYTHONPATH=/home/batoddy/orn_ws/build/navslam/prefix_override:/usr/lib/python3/dist-packages/colcon_core/task/python/colcon_distutils_commands:/home/batoddy/orn_ws/install/navslam/lib/python3.10/site-packages:${PYTHONPATH} /usr/bin/python3 -W ignore:setup.py install is deprecated -W ignore:easy_install command is deprecated setup.py egg_info --egg-base ../../build/navslam build --build-base /home/batoddy/orn_ws/build/navslam/build install --record /home/batoddy/orn_ws/build/navslam/install.log --single-version-externally-managed install_data
